<?xml version="1.0" encoding="UTF-8"?>
<testsuite xmlns:xsi="http://www.w3.org/2001/XMLSchema-instance" xsi:noNamespaceSchemaLocation="https://maven.apache.org/surefire/maven-surefire-plugin/xsd/surefire-test-report.xsd" name="com.ingemark.webshopbasics.CustomerTests" time="7.459" tests="5" errors="0" skipped="0" failures="0">
  <properties>
[...]
</properties>
  <testcase name="check_that_customer_dto_has_validation_errors" classname="com.ingemark.webshopbasics.CustomerTests" time="0.174"/>
  <testcase name="check_that_repository_is_not_null" classname="com.ingemark.webshopbasics.CustomerTests" time="0.036"/>
  <testcase name="check_that_product_dto_has_no_validation_errors" classname="com.ingemark.webshopbasics.CustomerTests" time="0.034"/>
  <testcase name="proba" classname="com.ingemark.webshopbasics.CustomerTests" time="0.04"/>
  <testcase name="check_that_service_is_not_null" classname="com.ingemark.webshopbasics.CustomerTests" time="0.004"/>
</testsuite>